Started GET "/" for 127.0.0.1 at 2017-05-29 08:37:22 -0300
Processing by Rails::WelcomeController#index as HTML
  Rendering /Users/gabriel/.rvm/gems/ruby-2.4.1/gems/railties-5.1.1/lib/rails/templates/rails/welcome/index.html.erb
  Rendered /Users/gabriel/.rvm/gems/ruby-2.4.1/gems/railties-5.1.1/lib/rails/templates/rails/welcome/index.html.erb (2.6ms)
Completed 200 OK in 155ms (Views: 13.9ms)


  [1m[35m (0.1ms)[0m  [1m[34mSELECT sqlite_version(*)[0m
  [1m[35m (1.0ms)[0m  [1m[35mCREATE TABLE "schema_migrations" ("version" varchar NOT NULL PRIMARY KEY)[0m
  [1m[35m (0.7ms)[0m  [1m[35mCREATE TABLE "ar_internal_metadata" ("key" varchar NOT NULL PRIMARY KEY, "value" varchar, "created_at" datetime NOT NULL, "updated_at" datetime NOT NULL)[0m
  [1m[35m (0.1ms)[0m  [1m[34mSELECT "schema_migrations"."version" FROM "schema_migrations" ORDER BY "schema_migrations"."version" ASC[0m
Migrating to CreateTasks (20170529113913)
  [1m[35m (0.0ms)[0m  [1m[36mbegin transaction[0m
  [1m[35m (0.3ms)[0m  [1m[35mCREATE TABLE "tasks" ("id" INTEGER PRIMARY KEY AUTOINCREMENT NOT NULL, "title" varchar, "progress" integer, "created_at" datetime NOT NULL, "updated_at" datetime NOT NULL)[0m
  [1m[35mSQL (0.1ms)[0m  [1m[32mINSERT INTO "schema_migrations" ("version") VALUES (?)[0m  [["version", "20170529113913"]]
  [1m[35m (0.5ms)[0m  [1m[36mcommit transaction[0m
Migrating to AddAncestryToTasks (20170529114548)
  [1m[35m (0.0ms)[0m  [1m[36mbegin transaction[0m
  [1m[35m (0.2ms)[0m  [1m[35mALTER TABLE "tasks" ADD "ancestry" varchar[0m
  [1m[35m (0.1ms)[0m  [1m[35mCREATE  INDEX "index_tasks_on_ancestry" ON "tasks" ("ancestry")[0m
  [1m[35mSQL (0.1ms)[0m  [1m[32mINSERT INTO "schema_migrations" ("version") VALUES (?)[0m  [["version", "20170529114548"]]
  [1m[35m (0.5ms)[0m  [1m[36mcommit transaction[0m
  [1m[36mActiveRecord::InternalMetadata Load (0.1ms)[0m  [1m[34mSELECT  "ar_internal_metadata".* FROM "ar_internal_metadata" WHERE "ar_internal_metadata"."key" = ? LIMIT ?[0m  [["key", "environment"], ["LIMIT", 1]]
  [1m[35m (0.0ms)[0m  [1m[36mbegin transaction[0m
  [1m[35mSQL (0.2ms)[0m  [1m[32mINSERT INTO "ar_internal_metadata" ("key", "value", "created_at", "updated_at") VALUES (?, ?, ?, ?)[0m  [["key", "environment"], ["value", "development"], ["created_at", "2017-05-29 11:46:50.254298"], ["updated_at", "2017-05-29 11:46:50.254298"]]
  [1m[35m (0.4ms)[0m  [1m[36mcommit transaction[0m
  [1m[35m (0.1ms)[0m  [1m[34mSELECT "schema_migrations"."version" FROM "schema_migrations" ORDER BY "schema_migrations"."version" ASC[0m
  [1m[35m (0.1ms)[0m  [1m[34m            SELECT sql
            FROM sqlite_master
            WHERE name='index_tasks_on_ancestry' AND type='index'
            UNION ALL
            SELECT sql
            FROM sqlite_temp_master
            WHERE name='index_tasks_on_ancestry' AND type='index'
[0m
Started GET "/" for 127.0.0.1 at 2017-05-29 08:47:10 -0300
  [1m[35m (0.1ms)[0m  [1m[34mSELECT "schema_migrations"."version" FROM "schema_migrations" ORDER BY "schema_migrations"."version" ASC[0m
Processing by Rails::WelcomeController#index as HTML
  Rendering /Users/gabriel/.rvm/gems/ruby-2.4.1/gems/railties-5.1.1/lib/rails/templates/rails/welcome/index.html.erb
  Rendered /Users/gabriel/.rvm/gems/ruby-2.4.1/gems/railties-5.1.1/lib/rails/templates/rails/welcome/index.html.erb (2.1ms)
Completed 200 OK in 6ms (Views: 3.8ms | ActiveRecord: 0.0ms)


Started GET "/tasks" for 127.0.0.1 at 2017-05-29 08:47:13 -0300
Processing by TasksController#index as HTML
  Rendering tasks/index.html.erb within layouts/application
  [1m[36mTask Load (0.2ms)[0m  [1m[34mSELECT "tasks".* FROM "tasks"[0m
  Rendered tasks/index.html.erb within layouts/application (2.3ms)
Completed 200 OK in 486ms (Views: 482.9ms | ActiveRecord: 0.5ms)


Started GET "/tasks/new" for 127.0.0.1 at 2017-05-29 08:47:18 -0300
Processing by TasksController#new as HTML
  Rendering tasks/new.html.erb within layouts/application
  Rendered tasks/_form.html.erb (5.8ms) [cache miss]
  Rendered tasks/new.html.erb within layouts/application (7.8ms)
Completed 200 OK in 29ms (Views: 20.8ms | ActiveRecord: 0.4ms)


Started GET "/tasks" for 127.0.0.1 at 2017-05-29 08:47:20 -0300
Processing by TasksController#index as HTML
  Rendering tasks/index.html.erb within layouts/application
  [1m[36mTask Load (0.1ms)[0m  [1m[34mSELECT "tasks".* FROM "tasks"[0m
  Rendered tasks/index.html.erb within layouts/application (1.6ms)
Completed 200 OK in 18ms (Views: 16.7ms | ActiveRecord: 0.1ms)


Started GET "/tasks/new" for 127.0.0.1 at 2017-05-29 08:47:21 -0300
Processing by TasksController#new as HTML
  Rendering tasks/new.html.erb within layouts/application
  Rendered tasks/_form.html.erb (1.1ms) [cache miss]
  Rendered tasks/new.html.erb within layouts/application (3.1ms)
Completed 200 OK in 18ms (Views: 16.9ms | ActiveRecord: 0.0ms)


Started GET "/tasks" for 127.0.0.1 at 2017-05-29 08:47:21 -0300
Processing by TasksController#index as HTML
  Rendering tasks/index.html.erb within layouts/application
  [1m[36mTask Load (0.1ms)[0m  [1m[34mSELECT "tasks".* FROM "tasks"[0m
  Rendered tasks/index.html.erb within layouts/application (1.3ms)
Completed 200 OK in 18ms (Views: 16.3ms | ActiveRecord: 0.1ms)


Started GET "/tasks/new" for 127.0.0.1 at 2017-05-29 08:47:22 -0300
Processing by TasksController#new as HTML
  Rendering tasks/new.html.erb within layouts/application
  Rendered tasks/_form.html.erb (1.1ms) [cache miss]
  Rendered tasks/new.html.erb within layouts/application (2.9ms)
Completed 200 OK in 19ms (Views: 17.7ms | ActiveRecord: 0.0ms)


Started GET "/tasks" for 127.0.0.1 at 2017-05-29 08:47:30 -0300
Processing by TasksController#index as HTML
  Rendering tasks/index.html.erb within layouts/application
  [1m[36mTask Load (0.1ms)[0m  [1m[34mSELECT "tasks".* FROM "tasks"[0m
  Rendered tasks/index.html.erb within layouts/application (1.4ms)
Completed 200 OK in 18ms (Views: 16.6ms | ActiveRecord: 0.1ms)


Started GET "/tasks/new" for 127.0.0.1 at 2017-05-29 08:47:31 -0300
Processing by TasksController#new as HTML
  Rendering tasks/new.html.erb within layouts/application
  Rendered tasks/_form.html.erb (1.5ms) [cache miss]
  Rendered tasks/new.html.erb within layouts/application (3.4ms)
Completed 200 OK in 23ms (Views: 21.3ms | ActiveRecord: 0.0ms)


Started GET "/tasks" for 127.0.0.1 at 2017-05-29 08:47:32 -0300
Processing by TasksController#index as HTML
  Rendering tasks/index.html.erb within layouts/application
  [1m[36mTask Load (0.2ms)[0m  [1m[34mSELECT "tasks".* FROM "tasks"[0m
  Rendered tasks/index.html.erb within layouts/application (1.7ms)
Completed 200 OK in 17ms (Views: 14.9ms | ActiveRecord: 0.2ms)


Started GET "/tasks/new" for 127.0.0.1 at 2017-05-29 08:47:32 -0300
Processing by TasksController#new as HTML
  Rendering tasks/new.html.erb within layouts/application
  Rendered tasks/_form.html.erb (1.0ms) [cache miss]
  Rendered tasks/new.html.erb within layouts/application (2.9ms)
Completed 200 OK in 19ms (Views: 18.1ms | ActiveRecord: 0.0ms)


Started GET "/tasks" for 127.0.0.1 at 2017-05-29 08:47:33 -0300
Processing by TasksController#index as HTML
  Rendering tasks/index.html.erb within layouts/application
  [1m[36mTask Load (0.2ms)[0m  [1m[34mSELECT "tasks".* FROM "tasks"[0m
  Rendered tasks/index.html.erb within layouts/application (4.2ms)
Completed 200 OK in 26ms (Views: 24.9ms | ActiveRecord: 0.2ms)


Started GET "/tasks/new" for 127.0.0.1 at 2017-05-29 08:47:33 -0300
Processing by TasksController#new as HTML
  Rendering tasks/new.html.erb within layouts/application
  Rendered tasks/_form.html.erb (1.3ms) [cache miss]
  Rendered tasks/new.html.erb within layouts/application (3.1ms)
Completed 200 OK in 19ms (Views: 18.0ms | ActiveRecord: 0.0ms)


Started GET "/tasks" for 127.0.0.1 at 2017-05-29 08:47:34 -0300
Processing by TasksController#index as HTML
  Rendering tasks/index.html.erb within layouts/application
  [1m[36mTask Load (0.1ms)[0m  [1m[34mSELECT "tasks".* FROM "tasks"[0m
  Rendered tasks/index.html.erb within layouts/application (1.4ms)
Completed 200 OK in 15ms (Views: 13.9ms | ActiveRecord: 0.1ms)


Started GET "/tasks/new" for 127.0.0.1 at 2017-05-29 08:47:34 -0300
Processing by TasksController#new as HTML
  Rendering tasks/new.html.erb within layouts/application
  Rendered tasks/_form.html.erb (1.1ms) [cache miss]
  Rendered tasks/new.html.erb within layouts/application (2.7ms)
Completed 200 OK in 16ms (Views: 14.9ms | ActiveRecord: 0.0ms)


Started GET "/tasks" for 127.0.0.1 at 2017-05-29 08:47:35 -0300
Processing by TasksController#index as HTML
  Rendering tasks/index.html.erb within layouts/application
  [1m[36mTask Load (0.1ms)[0m  [1m[34mSELECT "tasks".* FROM "tasks"[0m
  Rendered tasks/index.html.erb within layouts/application (1.2ms)
Completed 200 OK in 17ms (Views: 15.0ms | ActiveRecord: 0.1ms)


Started GET "/tasks/new" for 127.0.0.1 at 2017-05-29 08:47:35 -0300
Processing by TasksController#new as HTML
  Rendering tasks/new.html.erb within layouts/application
  Rendered tasks/_form.html.erb (1.0ms) [cache miss]
  Rendered tasks/new.html.erb within layouts/application (2.9ms)
Completed 200 OK in 18ms (Views: 16.5ms | ActiveRecord: 0.0ms)


Started GET "/tasks" for 127.0.0.1 at 2017-05-29 08:47:36 -0300
Processing by TasksController#index as HTML
  Rendering tasks/index.html.erb within layouts/application
  [1m[36mTask Load (0.1ms)[0m  [1m[34mSELECT "tasks".* FROM "tasks"[0m
  Rendered tasks/index.html.erb within layouts/application (1.5ms)
Completed 200 OK in 17ms (Views: 15.2ms | ActiveRecord: 0.1ms)


Started GET "/index" for 127.0.0.1 at 2017-05-29 08:47:42 -0300
  
ActionController::RoutingError (No route matches [GET] "/index"):
  
actionpack (5.1.1) lib/action_dispatch/middleware/debug_exceptions.rb:63:in `call'
web-console (3.5.1) lib/web_console/middleware.rb:135:in `call_app'
web-console (3.5.1) lib/web_console/middleware.rb:28:in `block in call'
web-console (3.5.1) lib/web_console/middleware.rb:18:in `catch'
web-console (3.5.1) lib/web_console/middleware.rb:18:in `call'
actionpack (5.1.1) lib/action_dispatch/middleware/show_exceptions.rb:31:in `call'
railties (5.1.1) lib/rails/rack/logger.rb:36:in `call_app'
railties (5.1.1) lib/rails/rack/logger.rb:24:in `block in call'
activesupport (5.1.1) lib/active_support/tagged_logging.rb:69:in `block in tagged'
activesupport (5.1.1) lib/active_support/tagged_logging.rb:26:in `tagged'
activesupport (5.1.1) lib/active_support/tagged_logging.rb:69:in `tagged'
railties (5.1.1) lib/rails/rack/logger.rb:24:in `call'
sprockets-rails (3.2.0) lib/sprockets/rails/quiet_assets.rb:13:in `call'
actionpack (5.1.1) lib/action_dispatch/middleware/remote_ip.rb:79:in `call'
actionpack (5.1.1) lib/action_dispatch/middleware/request_id.rb:25:in `call'
rack (2.0.3) lib/rack/method_override.rb:22:in `call'
rack (2.0.3) lib/rack/runtime.rb:22:in `call'
activesupport (5.1.1) lib/active_support/cache/strategy/local_cache_middleware.rb:27:in `call'
actionpack (5.1.1) lib/action_dispatch/middleware/executor.rb:12:in `call'
actionpack (5.1.1) lib/action_dispatch/middleware/static.rb:125:in `call'
rack (2.0.3) lib/rack/sendfile.rb:111:in `call'
railties (5.1.1) lib/rails/engine.rb:522:in `call'
puma (3.8.2) lib/puma/configuration.rb:224:in `call'
puma (3.8.2) lib/puma/server.rb:600:in `handle_request'
puma (3.8.2) lib/puma/server.rb:435:in `process_client'
puma (3.8.2) lib/puma/server.rb:299:in `block in run'
puma (3.8.2) lib/puma/thread_pool.rb:120:in `block in spawn_thread'
Started GET "/" for 127.0.0.1 at 2017-05-29 08:47:45 -0300
Processing by Rails::WelcomeController#index as HTML
  Rendering /Users/gabriel/.rvm/gems/ruby-2.4.1/gems/railties-5.1.1/lib/rails/templates/rails/welcome/index.html.erb
  Rendered /Users/gabriel/.rvm/gems/ruby-2.4.1/gems/railties-5.1.1/lib/rails/templates/rails/welcome/index.html.erb (2.8ms)
Completed 200 OK in 6ms (Views: 4.3ms | ActiveRecord: 0.0ms)


Started GET "/" for 127.0.0.1 at 2017-05-29 08:49:12 -0300
Processing by Rails::WelcomeController#index as HTML
  Rendering /Users/gabriel/.rvm/gems/ruby-2.4.1/gems/railties-5.1.1/lib/rails/templates/rails/welcome/index.html.erb
  Rendered /Users/gabriel/.rvm/gems/ruby-2.4.1/gems/railties-5.1.1/lib/rails/templates/rails/welcome/index.html.erb (2.3ms)
Completed 200 OK in 6ms (Views: 3.9ms | ActiveRecord: 0.0ms)


Started GET "/" for 127.0.0.1 at 2017-05-29 08:51:00 -0300
Processing by TasksController#home as HTML
  Rendering tasks/home.html.erb within layouts/application
  Rendered tasks/home.html.erb within layouts/application (0.3ms)
Completed 200 OK in 14ms (Views: 11.1ms)


